make x64Linux4gcc7.3.0 --dry-run --always-make --keep-going --print-directory
make: Entering directory '/home/liquidxhendrix/Projects/phase2'
echo "Checking directory objs"
if [ ! -d objs ]; then \
	echo "Making directory objs"; \
	mkdir -p objs ; \
fi;
echo "Checking directory objs/x64Linux4gcc7.3.0"
if [ ! -d objs/x64Linux4gcc7.3.0 ]; then \
	echo "Making directory objs/x64Linux4gcc7.3.0"; \
	mkdir -p objs/x64Linux4gcc7.3.0 ; \
fi;
g++ -m64 -Wall  -o objs/x64Linux4gcc7.3.0/car_basic_infoPlugin.o -DRTI_UNIX -DRTI_LINUX -DRTI_64BIT  -DRTI_STATIC -I. -I/home/liquidxhendrix/rti_connext_dds-6.1.0//include -I/home/liquidxhendrix/rti_connext_dds-6.1.0//include/ndds  -c car_basic_infoPlugin.cxx
g++ -m64 -Wall  -o objs/x64Linux4gcc7.3.0/car_basic_info.o -DRTI_UNIX -DRTI_LINUX -DRTI_64BIT  -DRTI_STATIC -I. -I/home/liquidxhendrix/rti_connext_dds-6.1.0//include -I/home/liquidxhendrix/rti_connext_dds-6.1.0//include/ndds  -c car_basic_info.cxx
g++ -m64 -Wall  -o objs/x64Linux4gcc7.3.0/car_basic_infoSupport.o -DRTI_UNIX -DRTI_LINUX -DRTI_64BIT  -DRTI_STATIC -I. -I/home/liquidxhendrix/rti_connext_dds-6.1.0//include -I/home/liquidxhendrix/rti_connext_dds-6.1.0//include/ndds  -c car_basic_infoSupport.cxx
g++ -m64 -Wall  -o objs/x64Linux4gcc7.3.0/car_basic_info_subscriber.o -DRTI_UNIX -DRTI_LINUX -DRTI_64BIT  -DRTI_STATIC -I. -I/home/liquidxhendrix/rti_connext_dds-6.1.0//include -I/home/liquidxhendrix/rti_connext_dds-6.1.0//include/ndds  -c car_basic_info_subscriber.cxx
g++ -m64 -Wall  -o objs/x64Linux4gcc7.3.0/car_basic_info_publisher.o -DRTI_UNIX -DRTI_LINUX -DRTI_64BIT  -DRTI_STATIC -I. -I/home/liquidxhendrix/rti_connext_dds-6.1.0//include -I/home/liquidxhendrix/rti_connext_dds-6.1.0//include/ndds  -c car_basic_info_publisher.cxx
g++ -m64  -o objs/x64Linux4gcc7.3.0/car_basic_info_subscriber objs/x64Linux4gcc7.3.0/car_basic_info_subscriber.o objs/x64Linux4gcc7.3.0/car_basic_infoPlugin.o objs/x64Linux4gcc7.3.0/car_basic_info.o objs/x64Linux4gcc7.3.0/car_basic_infoSupport.o -L/home/liquidxhendrix/rti_connext_dds-6.1.0//lib/x64Linux4gcc7.3.0 -lnddscppz -lnddscz -lnddscorez -ldl -lm -lpthread -lrt -no-pie -rdynamic
g++ -m64  -o objs/x64Linux4gcc7.3.0/car_basic_info_publisher objs/x64Linux4gcc7.3.0/car_basic_info_publisher.o objs/x64Linux4gcc7.3.0/car_basic_infoPlugin.o objs/x64Linux4gcc7.3.0/car_basic_info.o objs/x64Linux4gcc7.3.0/car_basic_infoSupport.o -L/home/liquidxhendrix/rti_connext_dds-6.1.0//lib/x64Linux4gcc7.3.0 -lnddscppz -lnddscz -lnddscorez -ldl -lm -lpthread -lrt -no-pie -rdynamic
make: Leaving directory '/home/liquidxhendrix/Projects/phase2'
 
